15:51:57.186 [main] INFO  testCases.Tc_001_AccountRegistration - **** starting Tc_001_AccountRegistration ****
15:51:57.209 [main] DEBUG testCases.Tc_001_AccountRegistration - application logs..
15:51:58.633 [main] INFO  testCases.Tc_001_AccountRegistration - clikced on registration link
15:51:58.633 [main] INFO  testCases.Tc_001_AccountRegistration - providing customer information
15:51:58.886 [main] INFO  testCases.Tc_001_AccountRegistration - confirming password
15:51:58.951 [main] INFO  testCases.Tc_001_AccountRegistration - confirming message
15:51:59.836 [main] INFO  testCases.Tc_001_AccountRegistration - logging of from page
22:28:52.812 [main] INFO  testCases.Tc_001_AccountRegistration - **** starting Tc_001_AccountRegistration ****
22:28:52.819 [main] DEBUG testCases.Tc_001_AccountRegistration - application logs..
22:28:54.263 [main] INFO  testCases.Tc_001_AccountRegistration - clikced on registration link
22:28:54.263 [main] INFO  testCases.Tc_001_AccountRegistration - providing customer information
22:28:54.523 [main] INFO  testCases.Tc_001_AccountRegistration - confirming password
22:28:54.590 [main] INFO  testCases.Tc_001_AccountRegistration - confirming message
22:28:56.014 [main] INFO  testCases.Tc_001_AccountRegistration - logging of from page
22:29:00.670 [main] INFO  testCases.Tc_002_loginPage - this will verify
22:29:00.671 [main] DEBUG testCases.Tc_002_loginPage - this will goging to debug
22:29:00.671 [main] INFO  testCases.Tc_002_loginPage - we clicked on my login link
22:30:32.030 [main] INFO  testCases.Tc_001_AccountRegistration - **** starting Tc_001_AccountRegistration ****
22:30:32.036 [main] DEBUG testCases.Tc_001_AccountRegistration - application logs..
22:30:32.654 [main] INFO  testCases.Tc_001_AccountRegistration - clikced on registration link
22:30:32.654 [main] INFO  testCases.Tc_001_AccountRegistration - providing customer information
22:30:32.937 [main] INFO  testCases.Tc_001_AccountRegistration - confirming password
22:30:33.002 [main] INFO  testCases.Tc_001_AccountRegistration - confirming message
22:30:33.843 [main] INFO  testCases.Tc_001_AccountRegistration - logging of from page
22:30:37.323 [main] INFO  testCases.Tc_002_loginPage - this will verify
22:30:37.323 [main] DEBUG testCases.Tc_002_loginPage - this will goging to debug
22:30:37.324 [main] INFO  testCases.Tc_002_loginPage - we clicked on my login link
23:14:37.587 [main] INFO  testCases.Tc_001_AccountRegistration - **** starting Tc_001_AccountRegistration ****
23:14:37.600 [main] DEBUG testCases.Tc_001_AccountRegistration - application logs..
23:14:39.325 [main] INFO  testCases.Tc_001_AccountRegistration - clikced on registration link
23:14:39.326 [main] INFO  testCases.Tc_001_AccountRegistration - providing customer information
23:14:39.783 [main] INFO  testCases.Tc_001_AccountRegistration - confirming password
23:14:39.891 [main] INFO  testCases.Tc_001_AccountRegistration - confirming message
23:14:40.998 [main] INFO  testCases.Tc_001_AccountRegistration - logging of from page
23:14:46.995 [main] INFO  testCases.Tc_002_loginPage - this will verify
23:14:46.996 [main] DEBUG testCases.Tc_002_loginPage - this will goging to debug
23:14:46.997 [main] INFO  testCases.Tc_002_loginPage - we clicked on my login link
23:50:26.629 [main] INFO  testCases.Tc_001_AccountRegistration - **** starting Tc_001_AccountRegistration ****
23:50:26.637 [main] DEBUG testCases.Tc_001_AccountRegistration - application logs..
23:50:27.941 [main] INFO  testCases.Tc_001_AccountRegistration - clikced on registration link
23:50:27.941 [main] INFO  testCases.Tc_001_AccountRegistration - providing customer information
23:50:28.214 [main] INFO  testCases.Tc_001_AccountRegistration - confirming password
23:50:28.285 [main] INFO  testCases.Tc_001_AccountRegistration - confirming message
23:50:29.075 [main] INFO  testCases.Tc_001_AccountRegistration - logging of from page
23:50:33.962 [main] INFO  testCases.Tc_002_loginPage - this will verify
23:50:33.962 [main] DEBUG testCases.Tc_002_loginPage - this will goging to debug
23:50:33.963 [main] INFO  testCases.Tc_002_loginPage - we clicked on my login link
00:09:00.335 [main] INFO  testCases.Tc_001_AccountRegistration - **** starting Tc_001_AccountRegistration ****
00:09:00.344 [main] DEBUG testCases.Tc_001_AccountRegistration - application logs..
00:09:01.685 [main] INFO  testCases.Tc_001_AccountRegistration - clikced on registration link
00:09:01.685 [main] INFO  testCases.Tc_001_AccountRegistration - providing customer information
00:09:01.968 [main] INFO  testCases.Tc_001_AccountRegistration - confirming password
00:09:02.050 [main] INFO  testCases.Tc_001_AccountRegistration - confirming message
00:09:02.514 [main] INFO  testCases.Tc_001_AccountRegistration - logging of from page
00:09:07.026 [main] INFO  testCases.Tc_002_loginPage - this will verify
00:09:07.026 [main] DEBUG testCases.Tc_002_loginPage - this will goging to debug
00:09:07.027 [main] INFO  testCases.Tc_002_loginPage - we clicked on my login link
